<?xml version="1.0" encoding="UTF-8"?>
<testsuite xmlns:xsi="http://www.w3.org/2001/XMLSchema-instance" xsi:noNamespaceSchemaLocation="https://maven.apache.org/surefire/maven-surefire-plugin/xsd/surefire-test-report-3.0.xsd" version="3.0" name="PersonalPageTest" time="69.357" tests="2" errors="1" skipped="0" failures="0">
  <properties>
[...]
</properties>
  <testcase name="setPersonalData" classname="PersonalPageTest" time="46.596">
    <error message="Expected condition failed: waiting for element to be clickable: By.cssSelector: [title=&apos;Самара&apos;] (tried for 10 second(s) with 500 milliseconds interval)&#10;Build info: version: &apos;3.141.59&apos;, revision: &apos;e82be7d358&apos;, time: &apos;2018-11-14T08:17:03&apos;&#10;System info: host: &apos;LAPTOP-T65V1HMB&apos;, ip: &apos;172.22.176.1&apos;, os.name: &apos;Windows 10&apos;, os.arch: &apos;amd64&apos;, os.version: &apos;10.0&apos;, java.version: &apos;9&apos;&#10;Driver info: org.openqa.selenium.chrome.ChromeDriver&#10;Capabilities {acceptInsecureCerts: false, browserName: chrome, browserVersion: 89.0.4389.128, chrome: {chromedriverVersion: 89.0.4389.23 (61b08ee2c5002..., userDataDir: C:\Users\shaml\AppData\Loca...}, goog:chromeOptions: {debuggerAddress: localhost:61620}, javascriptEnabled: true, networkConnectionEnabled: false, pageLoadStrategy: normal, platform: WINDOWS, platformName: WINDOWS, proxy: Proxy(), setWindowRect: true, strictFileInteractability: false, timeouts: {implicit: 0, pageLoad: 300000, script: 30000}, unhandledPromptBehavior: dismiss and notify, webauthn:extension:largeBlob: true, webauthn:virtualAuthenticators: true}&#10;Session ID: 64f401f83c0d34cdd3607b664acfb83c" type="org.openqa.selenium.TimeoutException"><![CDATA[org.openqa.selenium.TimeoutException: 
Expected condition failed: waiting for element to be clickable: By.cssSelector: [title='Самара'] (tried for 10 second(s) with 500 milliseconds interval)
Build info: version: '3.141.59', revision: 'e82be7d358', time: '2018-11-14T08:17:03'
System info: host: 'LAPTOP-T65V1HMB', ip: '172.22.176.1', os.name: 'Windows 10', os.arch: 'amd64', os.version: '10.0', java.version: '9'
Driver info: org.openqa.selenium.chrome.ChromeDriver
Capabilities {acceptInsecureCerts: false, browserName: chrome, browserVersion: 89.0.4389.128, chrome: {chromedriverVersion: 89.0.4389.23 (61b08ee2c5002..., userDataDir: C:\Users\shaml\AppData\Loca...}, goog:chromeOptions: {debuggerAddress: localhost:61620}, javascriptEnabled: true, networkConnectionEnabled: false, pageLoadStrategy: normal, platform: WINDOWS, platformName: WINDOWS, proxy: Proxy(), setWindowRect: true, strictFileInteractability: false, timeouts: {implicit: 0, pageLoad: 300000, script: 30000}, unhandledPromptBehavior: dismiss and notify, webauthn:extension:largeBlob: true, webauthn:virtualAuthenticators: true}
Session ID: 64f401f83c0d34cdd3607b664acfb83c
	at PersonalPageTest.setPersonalData(PersonalPageTest.java:52)
]]></error>
    <system-out><![CDATA[&amp#27;[30m[13:31:56.620] | INFO  | main                             | PersonalPageTest                 | Драйвер поднят
&amp#27;[m&amp#27;[30m[13:32:25.550] | INFO  | main                             | PersonalPageTest                 | Вход и Переход на вкладку О себе
&amp#27;[m&amp#27;[30m[13:32:25.550] | INFO  | main                             | PersonalPageTest                 | Заполнение данных о себе и сохранение
&amp#27;[m&amp#27;[30m[13:32:40.234] | INFO  | main                             | PersonalPageTest                 | Драйвер закрыт
&amp#27;[m]]></system-out>
    <system-err><![CDATA[SLF4J: Failed to load class "org.slf4j.impl.StaticLoggerBinder".
SLF4J: Defaulting to no-operation (NOP) logger implementation
SLF4J: See http://www.slf4j.org/codes.html#StaticLoggerBinder for further details.
Starting ChromeDriver 89.0.4389.23 (61b08ee2c50024bab004e48d2b1b083cdbdac579-refs/branch-heads/4389@{#294}) on port 44266
Only local connections are allowed.
Please see https://chromedriver.chromium.org/security-considerations for suggestions on keeping ChromeDriver safe.
ChromeDriver was started successfully.
апр. 18, 2021 1:31:58 ПП org.openqa.selenium.remote.ProtocolHandshake createSession
INFO: Detected dialect: W3C
]]></system-err>
  </testcase>
  <testcase name="getPersonalData" classname="PersonalPageTest" time="22.251">
    <system-out><![CDATA[&amp#27;[30m[13:32:40.695] | INFO  | main                             | PersonalPageTest                 | Драйвер поднят
&amp#27;[m&amp#27;[30m[13:33:00.401] | INFO  | main                             | PersonalPageTest                 | Вход и Переход на вкладку О себе
&amp#27;[m&amp#27;[30m[13:33:00.401] | INFO  | main                             | PersonalPageTest                 | Проверка данных о себе
&amp#27;[m&amp#27;[30m[13:33:01.440] | INFO  | main                             | PersonalPageTest                 | Данные проверены
&amp#27;[m&amp#27;[30m[13:33:02.899] | INFO  | main                             | PersonalPageTest                 | Драйвер закрыт
&amp#27;[m]]></system-out>
    <system-err><![CDATA[Starting ChromeDriver 89.0.4389.23 (61b08ee2c50024bab004e48d2b1b083cdbdac579-refs/branch-heads/4389@{#294}) on port 11148
Only local connections are allowed.
Please see https://chromedriver.chromium.org/security-considerations for suggestions on keeping ChromeDriver safe.
ChromeDriver was started successfully.
апр. 18, 2021 1:32:42 ПП org.openqa.selenium.remote.ProtocolHandshake createSession
INFO: Detected dialect: W3C
]]></system-err>
  </testcase>
</testsuite>